#
# There is insufficient memory for the Java Runtime Environment to continue.
# Native memory allocation (malloc) failed to allocate 269936 bytes. Error detail: Chunk::new
# Possible reasons:
#   The system is out of physical RAM or swap space
#   This process is running with CompressedOops enabled, and the Java Heap may be blocking the growth of the native heap
# Possible solutions:
#   Reduce memory load on the system
#   Increase physical memory or swap space
#   Check if swap backing store is full
#   Decrease Java heap size (-Xmx/-Xms)
#   Decrease number of Java threads
#   Decrease Java thread stack sizes (-Xss)
#   Set larger code cache with -XX:ReservedCodeCacheSize=
#   JVM is running with Unscaled Compressed Oops mode in which the Java heap is
#     placed in the first 4GB address space. The Java Heap base address is the
#     maximum limit for the native heap growth. Please use -XX:HeapBaseMinAddress
#     to set the Java Heap base and to place the Java Heap above 4GB virtual address.
# This output file may be truncated or incomplete.
#
#  Out of Memory Error (arena.cpp:168), pid=18456, tid=19944
#
# JRE version: OpenJDK Runtime Environment JBR-21.0.6+9-895.109-jcef (21.0.6+9) (build 21.0.6+9-b895.109)
# Java VM: OpenJDK 64-Bit Server VM JBR-21.0.6+9-895.109-jcef (21.0.6+9-b895.109, mixed mode, sharing, tiered, compressed oops, compressed class ptrs, g1 gc, windows-amd64)
# No core dump will be written. Minidumps are not enabled by default on client versions of Windows
#

---------------  S U M M A R Y ------------

Command Line: -Djava.rmi.server.hostname=127.0.0.1 -Duser.timezone=UTC -Xmx2048m -Xms128m -Djdbc.classpath=C:\Users\doman\AppData\Local\Temp\RemoteDriver.classpath.txt --add-exports=java.desktop/sun.awt=ALL-UNNAMED --add-exports=java.desktop/java.awt.peer=ALL-UNNAMED --add-opens=java.desktop/java.awt=ALL-UNNAMED --add-opens=jdk.unsupported/sun.misc=ALL-UNNAMED --add-opens=java.base/java.nio=ALL-UNNAMED --add-opens=java.base/java.util=ALL-UNNAMED -Dfile.encoding=UTF-8 -Dsun.stdout.encoding=UTF-8 -Dsun.stderr.encoding=UTF-8 com.intellij.database.remote.RemoteJdbcServer com.mysql.cj.jdbc.Driver

Host: AMD Ryzen 5 5600H with Radeon Graphics         , 12 cores, 5G,  Windows 11 , 64 bit Build 26100 (10.0.26100.3912)
Time: Wed Jun 25 14:21:46 2025 W. Europe Summer Time elapsed time: 317.168417 seconds (0d 0h 5m 17s)

---------------  T H R E A D  ---------------

Current thread (0x000002361d81eb60):  JavaThread "C2 CompilerThread0" daemon [_thread_in_native, id=19944, stack(0x000000ad70d00000,0x000000ad70e00000) (1024K)]


Current CompileTask:
C2:317168 3197       4       sun.nio.ch.NioSocketImpl::timedRead (85 bytes)

Stack: [0x000000ad70d00000,0x000000ad70e00000]
Native frames: (J=compiled Java code, j=interpreted, Vv=VM code, C=native code)
V  [jvm.dll+0x6e5cb9]
V  [jvm.dll+0x8c4113]
V  [jvm.dll+0x8c666e]
V  [jvm.dll+0x8c6d53]
V  [jvm.dll+0x288f76]
V  [jvm.dll+0xc66dd]
V  [jvm.dll+0xc6c13]
V  [jvm.dll+0x2feb80]
V  [jvm.dll+0x60c839]
V  [jvm.dll+0x2598d2]
V  [jvm.dll+0x25221a]
V  [jvm.dll+0x24fc8e]
V  [jvm.dll+0x1cd6c4]
V  [jvm.dll+0x25f60c]
V  [jvm.dll+0x25db56]
V  [jvm.dll+0x3ff796]
V  [jvm.dll+0x86bc68]
V  [jvm.dll+0x6e44bd]
C  [ucrtbase.dll+0x37b0]
C  [KERNEL32.DLL+0x2e8d7]
C  [ntdll.dll+0x9c5dc]


---------------  P R O C E S S  ---------------

Threads class SMR info:
_java_thread_list=0x00000236640e7a60, length=20, elements={
0x00000236029fb850, 0x000002361d8087b0, 0x000002361d8093b0, 0x000002361d80e6c0,
0x000002361d80f5a0, 0x000002361d811dc0, 0x000002361d815ee0, 0x000002361d81eb60,
0x000002361d81f200, 0x000002361dab4e00, 0x000002361dab6940, 0x000002361dd283e0,
0x000002361dbf49f0, 0x00000236630e4200, 0x000002361dca0710, 0x000002361dca0d70,
0x00000236630dd5c0, 0x00000236631a2f90, 0x00000236631ac8b0, 0x000002366429ff60
}

Java Threads: ( => current thread )
  0x00000236029fb850 JavaThread "main"                              [_thread_blocked, id=25816, stack(0x000000ad6ff00000,0x000000ad70000000) (1024K)]
  0x000002361d8087b0 JavaThread "Reference Handler"          daemon [_thread_blocked, id=5048, stack(0x000000ad70700000,0x000000ad70800000) (1024K)]
  0x000002361d8093b0 JavaThread "Finalizer"                  daemon [_thread_blocked, id=20600, stack(0x000000ad70800000,0x000000ad70900000) (1024K)]
  0x000002361d80e6c0 JavaThread "Signal Dispatcher"          daemon [_thread_blocked, id=21244, stack(0x000000ad70900000,0x000000ad70a00000) (1024K)]
  0x000002361d80f5a0 JavaThread "Attach Listener"            daemon [_thread_blocked, id=8188, stack(0x000000ad70a00000,0x000000ad70b00000) (1024K)]
  0x000002361d811dc0 JavaThread "Service Thread"             daemon [_thread_blocked, id=14844, stack(0x000000ad70b00000,0x000000ad70c00000) (1024K)]
  0x000002361d815ee0 JavaThread "Monitor Deflation Thread"   daemon [_thread_blocked, id=22976, stack(0x000000ad70c00000,0x000000ad70d00000) (1024K)]
=>0x000002361d81eb60 JavaThread "C2 CompilerThread0"         daemon [_thread_in_native, id=19944, stack(0x000000ad70d00000,0x000000ad70e00000) (1024K)]
  0x000002361d81f200 JavaThread "C1 CompilerThread0"         daemon [_thread_blocked, id=3952, stack(0x000000ad70e00000,0x000000ad70f00000) (1024K)]
  0x000002361dab4e00 JavaThread "Common-Cleaner"             daemon [_thread_blocked, id=7224, stack(0x000000ad70f00000,0x000000ad71000000) (1024K)]
  0x000002361dab6940 JavaThread "Notification Thread"        daemon [_thread_blocked, id=24236, stack(0x000000ad71000000,0x000000ad71100000) (1024K)]
  0x000002361dd283e0 JavaThread "mysql-cj-abandoned-connection-cleanup" daemon [_thread_blocked, id=11612, stack(0x000000ad71100000,0x000000ad71200000) (1024K)]
  0x000002361dbf49f0 JavaThread "RMI TCP Accept-14992"       daemon [_thread_in_native, id=26460, stack(0x000000ad71200000,0x000000ad71300000) (1024K)]
  0x00000236630e4200 JavaThread "RMI TCP Accept-0"           daemon [_thread_in_native, id=28272, stack(0x000000ad71300000,0x000000ad71400000) (1024K)]
  0x000002361dca0710 JavaThread "RMI Reaper"                        [_thread_blocked, id=17400, stack(0x000000ad71400000,0x000000ad71500000) (1024K)]
  0x000002361dca0d70 JavaThread "RMI GC Daemon"              daemon [_thread_blocked, id=19784, stack(0x000000ad71500000,0x000000ad71600000) (1024K)]
  0x00000236630dd5c0 JavaThread "RMI TCP Connection(1)-127.0.0.1" daemon [_thread_in_native, id=14708, stack(0x000000ad71600000,0x000000ad71700000) (1024K)]
  0x00000236631a2f90 JavaThread "RMI Scheduler(0)"           daemon [_thread_blocked, id=6844, stack(0x000000ad71800000,0x000000ad71900000) (1024K)]
  0x00000236631ac8b0 JavaThread "RMI RenewClean-[127.0.0.1:59223]" daemon [_thread_blocked, id=18192, stack(0x000000ad71b00000,0x000000ad71c00000) (1024K)]
  0x000002366429ff60 JavaThread "RMI TCP Connection(5)-127.0.0.1" daemon [_thread_in_native, id=24108, stack(0x000000ad6fc00000,0x000000ad6fd00000) (1024K)]
Total: 20

Other Threads:
  0x000002361d7eb4b0 VMThread "VM Thread"                           [id=6860, stack(0x000000ad70600000,0x000000ad70700000) (1024K)]
  0x000002361d7d9a50 WatcherThread "VM Periodic Task Thread"        [id=22472, stack(0x000000ad70500000,0x000000ad70600000) (1024K)]
  0x0000023604e68e00 WorkerThread "GC Thread#0"                     [id=9200, stack(0x000000ad70000000,0x000000ad70100000) (1024K)]
  0x0000023663390520 WorkerThread "GC Thread#1"                     [id=12228, stack(0x000000ad71c00000,0x000000ad71d00000) (1024K)]
  0x00000236633186b0 WorkerThread "GC Thread#2"                     [id=17744, stack(0x000000ad71d00000,0x000000ad71e00000) (1024K)]
  0x0000023663318a50 WorkerThread "GC Thread#3"                     [id=31080, stack(0x000000ad71e00000,0x000000ad71f00000) (1024K)]
  0x00000236635b78c0 WorkerThread "GC Thread#4"                     [id=24588, stack(0x000000ad71f00000,0x000000ad72000000) (1024K)]
  0x0000023663669f80 WorkerThread "GC Thread#5"                     [id=10844, stack(0x000000ad72000000,0x000000ad72100000) (1024K)]
  0x000002366366a320 WorkerThread "GC Thread#6"                     [id=22296, stack(0x000000ad72100000,0x000000ad72200000) (1024K)]
  0x000002366366a6c0 WorkerThread "GC Thread#7"                     [id=27812, stack(0x000000ad72200000,0x000000ad72300000) (1024K)]
  0x000002366366b270 WorkerThread "GC Thread#8"                     [id=20960, stack(0x000000ad72300000,0x000000ad72400000) (1024K)]
  0x000002366366b610 WorkerThread "GC Thread#9"                     [id=17688, stack(0x000000ad72400000,0x000000ad72500000) (1024K)]
  0x0000023604e7ab70 ConcurrentGCThread "G1 Main Marker"            [id=20972, stack(0x000000ad70100000,0x000000ad70200000) (1024K)]
  0x0000023604e7bd20 WorkerThread "G1 Conc#0"                       [id=6184, stack(0x000000ad70200000,0x000000ad70300000) (1024K)]
  0x000002361d692170 ConcurrentGCThread "G1 Refine#0"               [id=19656, stack(0x000000ad70300000,0x000000ad70400000) (1024K)]
  0x000002361d693aa0 ConcurrentGCThread "G1 Service"                [id=28304, stack(0x000000ad70400000,0x000000ad70500000) (1024K)]
Total: 16

Threads with active compile tasks:
C2 CompilerThread0  317235 3197       4       sun.nio.ch.NioSocketImpl::timedRead (85 bytes)
Total: 1

VM state: not at safepoint (normal execution)

VM Mutex/Monitor currently owned by a thread: None

Heap address: 0x0000000080000000, size: 2048 MB, Compressed Oops mode: 32-bit

CDS archive(s) mapped at: [0x000002361e000000-0x000002361ed00000-0x000002361ed00000), size 13631488, SharedBaseAddress: 0x000002361e000000, ArchiveRelocationMode: 1.
Compressed class space mapped at: 0x000002361f000000-0x000002365f000000, reserved size: 1073741824
Narrow klass base: 0x000002361e000000, Narrow klass shift: 0, Narrow klass range: 0x100000000

GC Precious Log:
 CardTable entry size: 512
 Card Set container configuration: InlinePtr #cards 5 size 8 Array Of Cards #cards 12 size 40 Howl #buckets 4 coarsen threshold 1843 Howl Bitmap #cards 512 size 80 coarsen threshold 460 Card regions per heap region 1 cards per card region 2048
 CPUs: 12 total, 12 available
 Memory: 5996M
 Large Page Support: Disabled
 NUMA Support: Disabled
 Compressed Oops: Enabled (32-bit)
 Heap Region Size: 1M
 Heap Min Capacity: 128M
 Heap Initial Capacity: 128M
 Heap Max Capacity: 2G
 Pre-touch: Disabled
 Parallel Workers: 10
 Concurrent Workers: 3
 Concurrent Refinement Workers: 10
 Periodic GC: Disabled

Heap:
 garbage-first heap   total 131072K, used 20105K [0x0000000080000000, 0x0000000100000000)
  region size 1024K, 12 young (12288K), 4 survivors (4096K)
 Metaspace       used 14054K, committed 14528K, reserved 1114112K
  class space    used 1553K, committed 1792K, reserved 1048576K

Heap Regions: E=young(eden), S=young(survivor), O=old, HS=humongous(starts), HC=humongous(continues), CS=collection set, F=free, TAMS=top-at-mark-start, PB=parsable bottom
|   0|0x0000000080000000, 0x0000000080100000, 0x0000000080100000|100%|HS|  |TAMS 0x0000000080000000| PB 0x0000000080000000| Complete 
|   1|0x0000000080100000, 0x0000000080200000, 0x0000000080200000|100%|HC|  |TAMS 0x0000000080100000| PB 0x0000000080100000| Complete 
|   2|0x0000000080200000, 0x0000000080300000, 0x0000000080300000|100%|HS|  |TAMS 0x0000000080200000| PB 0x0000000080200000| Complete 
|   3|0x0000000080300000, 0x0000000080400000, 0x0000000080400000|100%|HS|  |TAMS 0x0000000080300000| PB 0x0000000080300000| Complete 
|   4|0x0000000080400000, 0x0000000080500000, 0x0000000080500000|100%| O|  |TAMS 0x0000000080400000| PB 0x0000000080400000| Untracked 
|   5|0x0000000080500000, 0x0000000080600000, 0x0000000080600000|100%| O|  |TAMS 0x0000000080500000| PB 0x0000000080500000| Untracked 
|   6|0x0000000080600000, 0x0000000080700000, 0x0000000080700000|100%| O|  |TAMS 0x0000000080600000| PB 0x0000000080600000| Untracked 
|   7|0x0000000080700000, 0x0000000080800000, 0x0000000080800000|100%| O|  |TAMS 0x0000000080700000| PB 0x0000000080700000| Untracked 
|   8|0x0000000080800000, 0x0000000080900000, 0x0000000080900000|100%| O|  |TAMS 0x0000000080800000| PB 0x0000000080800000| Untracked 
|   9|0x0000000080900000, 0x000000008098b3c8, 0x0000000080a00000| 54%| O|  |TAMS 0x0000000080900000| PB 0x0000000080900000| Untracked 
|  10|0x0000000080a00000, 0x0000000080a00000, 0x0000000080b00000|  0%| F|  |TAMS 0x0000000080a00000| PB 0x0000000080a00000| Untracked 
|  11|0x0000000080b00000, 0x0000000080b00000, 0x0000000080c00000|  0%| F|  |TAMS 0x0000000080b00000| PB 0x0000000080b00000| Untracked 
|  12|0x0000000080c00000, 0x0000000080c00000, 0x0000000080d00000|  0%| F|  |TAMS 0x0000000080c00000| PB 0x0000000080c00000| Untracked 
|  13|0x0000000080d00000, 0x0000000080d00000, 0x0000000080e00000|  0%| F|  |TAMS 0x0000000080d00000| PB 0x0000000080d00000| Untracked 
|  14|0x0000000080e00000, 0x0000000080e00000, 0x0000000080f00000|  0%| F|  |TAMS 0x0000000080e00000| PB 0x0000000080e00000| Untracked 
|  15|0x0000000080f00000, 0x0000000080f00000, 0x0000000081000000|  0%| F|  |TAMS 0x0000000080f00000| PB 0x0000000080f00000| Untracked 
|  16|0x0000000081000000, 0x0000000081000000, 0x0000000081100000|  0%| F|  |TAMS 0x0000000081000000| PB 0x0000000081000000| Untracked 
|  17|0x0000000081100000, 0x0000000081100000, 0x0000000081200000|  0%| F|  |TAMS 0x0000000081100000| PB 0x0000000081100000| Untracked 
|  18|0x0000000081200000, 0x0000000081200000, 0x0000000081300000|  0%| F|  |TAMS 0x0000000081200000| PB 0x0000000081200000| Untracked 
|  19|0x0000000081300000, 0x0000000081300000, 0x0000000081400000|  0%| F|  |TAMS 0x0000000081300000| PB 0x0000000081300000| Untracked 
|  20|0x0000000081400000, 0x0000000081400000, 0x0000000081500000|  0%| F|  |TAMS 0x0000000081400000| PB 0x0000000081400000| Untracked 
|  21|0x0000000081500000, 0x0000000081500000, 0x0000000081600000|  0%| F|  |TAMS 0x0000000081500000| PB 0x0000000081500000| Untracked 
|  22|0x0000000081600000, 0x0000000081600000, 0x0000000081700000|  0%| F|  |TAMS 0x0000000081600000| PB 0x0000000081600000| Untracked 
|  23|0x0000000081700000, 0x0000000081700000, 0x0000000081800000|  0%| F|  |TAMS 0x0000000081700000| PB 0x0000000081700000| Untracked 
|  24|0x0000000081800000, 0x0000000081800000, 0x0000000081900000|  0%| F|  |TAMS 0x0000000081800000| PB 0x0000000081800000| Untracked 
|  25|0x0000000081900000, 0x0000000081900000, 0x0000000081a00000|  0%| F|  |TAMS 0x0000000081900000| PB 0x0000000081900000| Untracked 
|  26|0x0000000081a00000, 0x0000000081a00000, 0x0000000081b00000|  0%| F|  |TAMS 0x0000000081a00000| PB 0x0000000081a00000| Untracked 
|  27|0x0000000081b00000, 0x0000000081b00000, 0x0000000081c00000|  0%| F|  |TAMS 0x0000000081b00000| PB 0x0000000081b00000| Untracked 
|  28|0x0000000081c00000, 0x0000000081c00000, 0x0000000081d00000|  0%| F|  |TAMS 0x0000000081c00000| PB 0x0000000081c00000| Untracked 
|  29|0x0000000081d00000, 0x0000000081d00000, 0x0000000081e00000|  0%| F|  |TAMS 0x0000000081d00000| PB 0x0000000081d00000| Untracked 
|  30|0x0000000081e00000, 0x0000000081e00000, 0x0000000081f00000|  0%| F|  |TAMS 0x0000000081e00000| PB 0x0000000081e00000| Untracked 
|  31|0x0000000081f00000, 0x0000000081f00000, 0x0000000082000000|  0%| F|  |TAMS 0x0000000081f00000| PB 0x0000000081f00000| Untracked 
|  32|0x0000000082000000, 0x0000000082000000, 0x0000000082100000|  0%| F|  |TAMS 0x0000000082000000| PB 0x0000000082000000| Untracked 
|  33|0x0000000082100000, 0x0000000082100000, 0x0000000082200000|  0%| F|  |TAMS 0x0000000082100000| PB 0x0000000082100000| Untracked 
|  34|0x0000000082200000, 0x0000000082200000, 0x0000000082300000|  0%| F|  |TAMS 0x0000000082200000| PB 0x0000000082200000| Untracked 
|  35|0x0000000082300000, 0x0000000082300000, 0x0000000082400000|  0%| F|  |TAMS 0x0000000082300000| PB 0x0000000082300000| Untracked 
|  36|0x0000000082400000, 0x0000000082400000, 0x0000000082500000|  0%| F|  |TAMS 0x0000000082400000| PB 0x0000000082400000| Untracked 
|  37|0x0000000082500000, 0x0000000082500000, 0x0000000082600000|  0%| F|  |TAMS 0x0000000082500000| PB 0x0000000082500000| Untracked 
|  38|0x0000000082600000, 0x0000000082600000, 0x0000000082700000|  0%| F|  |TAMS 0x0000000082600000| PB 0x0000000082600000| Untracked 
|  39|0x0000000082700000, 0x0000000082700000, 0x0000000082800000|  0%| F|  |TAMS 0x0000000082700000| PB 0x0000000082700000| Untracked 
|  40|0x0000000082800000, 0x0000000082800000, 0x0000000082900000|  0%| F|  |TAMS 0x0000000082800000| PB 0x0000000082800000| Untracked 
|  41|0x0000000082900000, 0x0000000082900000, 0x0000000082a00000|  0%| F|  |TAMS 0x0000000082900000| PB 0x0000000082900000| Untracked 
|  42|0x0000000082a00000, 0x0000000082a00000, 0x0000000082b00000|  0%| F|  |TAMS 0x0000000082a00000| PB 0x0000000082a00000| Untracked 
|  43|0x0000000082b00000, 0x0000000082b00000, 0x0000000082c00000|  0%| F|  |TAMS 0x0000000082b00000| PB 0x0000000082b00000| Untracked 
|  44|0x0000000082c00000, 0x0000000082c00000, 0x0000000082d00000|  0%| F|  |TAMS 0x0000000082c00000| PB 0x0000000082c00000| Untracked 
|  45|0x0000000082d00000, 0x0000000082d00000, 0x0000000082e00000|  0%| F|  |TAMS 0x0000000082d00000| PB 0x0000000082d00000| Untracked 
|  46|0x0000000082e00000, 0x0000000082e00000, 0x0000000082f00000|  0%| F|  |TAMS 0x0000000082e00000| PB 0x0000000082e00000| Untracked 
|  47|0x0000000082f00000, 0x0000000082f00000, 0x0000000083000000|  0%| F|  |TAMS 0x0000000082f00000| PB 0x0000000082f00000| Untracked 
|  48|0x0000000083000000, 0x0000000083017190, 0x0000000083100000|  9%| S|CS|TAMS 0x0000000083000000| PB 0x0000000083000000| Complete 
|  49|0x0000000083100000, 0x0000000083200000, 0x0000000083200000|100%| S|CS|TAMS 0x0000000083100000| PB 0x0000000083100000| Complete 
|  50|0x0000000083200000, 0x0000000083300000, 0x0000000083300000|100%| S|CS|TAMS 0x0000000083200000| PB 0x0000000083200000| Complete 
|  51|0x0000000083300000, 0x0000000083400000, 0x0000000083400000|100%| S|CS|TAMS 0x0000000083300000| PB 0x0000000083300000| Complete 
|  52|0x0000000083400000, 0x0000000083400000, 0x0000000083500000|  0%| F|  |TAMS 0x0000000083400000| PB 0x0000000083400000| Untracked 
|  53|0x0000000083500000, 0x0000000083500000, 0x0000000083600000|  0%| F|  |TAMS 0x0000000083500000| PB 0x0000000083500000| Untracked 
|  54|0x0000000083600000, 0x0000000083600000, 0x0000000083700000|  0%| F|  |TAMS 0x0000000083600000| PB 0x0000000083600000| Untracked 
|  55|0x0000000083700000, 0x0000000083700000, 0x0000000083800000|  0%| F|  |TAMS 0x0000000083700000| PB 0x0000000083700000| Untracked 
|  56|0x0000000083800000, 0x0000000083800000, 0x0000000083900000|  0%| F|  |TAMS 0x0000000083800000| PB 0x0000000083800000| Untracked 
|  57|0x0000000083900000, 0x0000000083900000, 0x0000000083a00000|  0%| F|  |TAMS 0x0000000083900000| PB 0x0000000083900000| Untracked 
|  58|0x0000000083a00000, 0x0000000083a00000, 0x0000000083b00000|  0%| F|  |TAMS 0x0000000083a00000| PB 0x0000000083a00000| Untracked 
|  59|0x0000000083b00000, 0x0000000083b00000, 0x0000000083c00000|  0%| F|  |TAMS 0x0000000083b00000| PB 0x0000000083b00000| Untracked 
|  60|0x0000000083c00000, 0x0000000083c00000, 0x0000000083d00000|  0%| F|  |TAMS 0x0000000083c00000| PB 0x0000000083c00000| Untracked 
|  61|0x0000000083d00000, 0x0000000083d00000, 0x0000000083e00000|  0%| F|  |TAMS 0x0000000083d00000| PB 0x0000000083d00000| Untracked 
|  62|0x0000000083e00000, 0x0000000083e00000, 0x0000000083f00000|  0%| F|  |TAMS 0x0000000083e00000| PB 0x0000000083e00000| Untracked 
|  63|0x0000000083f00000, 0x0000000083f00000, 0x0000000084000000|  0%| F|  |TAMS 0x0000000083f00000| PB 0x0000000083f00000| Untracked 
|  64|0x0000000084000000, 0x0000000084000000, 0x0000000084100000|  0%| F|  |TAMS 0x0000000084000000| PB 0x0000000084000000| Untracked 
|  65|0x0000000084100000, 0x0000000084100000, 0x0000000084200000|  0%| F|  |TAMS 0x0000000084100000| PB 0x0000000084100000| Untracked 
|  66|0x0000000084200000, 0x0000000084200000, 0x0000000084300000|  0%| F|  |TAMS 0x0000000084200000| PB 0x0000000084200000| Untracked 
|  67|0x0000000084300000, 0x0000000084300000, 0x0000000084400000|  0%| F|  |TAMS 0x0000000084300000| PB 0x0000000084300000| Untracked 
|  68|0x0000000084400000, 0x0000000084400000, 0x0000000084500000|  0%| F|  |TAMS 0x0000000084400000| PB 0x0000000084400000| Untracked 
|  69|0x0000000084500000, 0x0000000084500000, 0x0000000084600000|  0%| F|  |TAMS 0x0000000084500000| PB 0x0000000084500000| Untracked 
|  70|0x0000000084600000, 0x0000000084600000, 0x0000000084700000|  0%| F|  |TAMS 0x0000000084600000| PB 0x0000000084600000| Untracked 
|  71|0x0000000084700000, 0x0000000084700000, 0x0000000084800000|  0%| F|  |TAMS 0x0000000084700000| PB 0x0000000084700000| Untracked 
|  72|0x0000000084800000, 0x0000000084800000, 0x0000000084900000|  0%| F|  |TAMS 0x0000000084800000| PB 0x0000000084800000| Untracked 
|  73|0x0000000084900000, 0x0000000084900000, 0x0000000084a00000|  0%| F|  |TAMS 0x0000000084900000| PB 0x0000000084900000| Untracked 
|  74|0x0000000084a00000, 0x0000000084a00000, 0x0000000084b00000|  0%| F|  |TAMS 0x0000000084a00000| PB 0x0000000084a00000| Untracked 
|  75|0x0000000084b00000, 0x0000000084b00000, 0x0000000084c00000|  0%| F|  |TAMS 0x0000000084b00000| PB 0x0000000084b00000| Untracked 
|  76|0x0000000084c00000, 0x0000000084c00000, 0x0000000084d00000|  0%| F|  |TAMS 0x0000000084c00000| PB 0x0000000084c00000| Untracked 
|  77|0x0000000084d00000, 0x0000000084d00000, 0x0000000084e00000|  0%| F|  |TAMS 0x0000000084d00000| PB 0x0000000084d00000| Untracked 
|  78|0x0000000084e00000, 0x0000000084e00000, 0x0000000084f00000|  0%| F|  |TAMS 0x0000000084e00000| PB 0x0000000084e00000| Untracked 
|  79|0x0000000084f00000, 0x0000000084f00000, 0x0000000085000000|  0%| F|  |TAMS 0x0000000084f00000| PB 0x0000000084f00000| Untracked 
|  80|0x0000000085000000, 0x0000000085000000, 0x0000000085100000|  0%| F|  |TAMS 0x0000000085000000| PB 0x0000000085000000| Untracked 
|  81|0x0000000085100000, 0x0000000085100000, 0x0000000085200000|  0%| F|  |TAMS 0x0000000085100000| PB 0x0000000085100000| Untracked 
|  82|0x0000000085200000, 0x0000000085200000, 0x0000000085300000|  0%| F|  |TAMS 0x0000000085200000| PB 0x0000000085200000| Untracked 
|  83|0x0000000085300000, 0x0000000085300000, 0x0000000085400000|  0%| F|  |TAMS 0x0000000085300000| PB 0x0000000085300000| Untracked 
|  84|0x0000000085400000, 0x0000000085400000, 0x0000000085500000|  0%| F|  |TAMS 0x0000000085400000| PB 0x0000000085400000| Untracked 
|  85|0x0000000085500000, 0x0000000085500000, 0x0000000085600000|  0%| F|  |TAMS 0x0000000085500000| PB 0x0000000085500000| Untracked 
|  86|0x0000000085600000, 0x0000000085600000, 0x0000000085700000|  0%| F|  |TAMS 0x0000000085600000| PB 0x0000000085600000| Untracked 
|  87|0x0000000085700000, 0x0000000085700000, 0x0000000085800000|  0%| F|  |TAMS 0x0000000085700000| PB 0x0000000085700000| Untracked 
|  88|0x0000000085800000, 0x0000000085800000, 0x0000000085900000|  0%| F|  |TAMS 0x0000000085800000| PB 0x0000000085800000| Untracked 
|  89|0x0000000085900000, 0x0000000085900000, 0x0000000085a00000|  0%| F|  |TAMS 0x0000000085900000| PB 0x0000000085900000| Untracked 
|  90|0x0000000085a00000, 0x0000000085a00000, 0x0000000085b00000|  0%| F|  |TAMS 0x0000000085a00000| PB 0x0000000085a00000| Untracked 
|  91|0x0000000085b00000, 0x0000000085b00000, 0x0000000085c00000|  0%| F|  |TAMS 0x0000000085b00000| PB 0x0000000085b00000| Untracked 
|  92|0x0000000085c00000, 0x0000000085c00000, 0x0000000085d00000|  0%| F|  |TAMS 0x0000000085c00000| PB 0x0000000085c00000| Untracked 
|  93|0x0000000085d00000, 0x0000000085d00000, 0x0000000085e00000|  0%| F|  |TAMS 0x0000000085d00000| PB 0x0000000085d00000| Untracked 
|  94|0x0000000085e00000, 0x0000000085e00000, 0x0000000085f00000|  0%| F|  |TAMS 0x0000000085e00000| PB 0x0000000085e00000| Untracked 
|  95|0x0000000085f00000, 0x0000000085f00000, 0x0000000086000000|  0%| F|  |TAMS 0x0000000085f00000| PB 0x0000000085f00000| Untracked 
|  96|0x0000000086000000, 0x0000000086000000, 0x0000000086100000|  0%| F|  |TAMS 0x0000000086000000| PB 0x0000000086000000| Untracked 
|  97|0x0000000086100000, 0x0000000086100000, 0x0000000086200000|  0%| F|  |TAMS 0x0000000086100000| PB 0x0000000086100000| Untracked 
|  98|0x0000000086200000, 0x0000000086200000, 0x0000000086300000|  0%| F|  |TAMS 0x0000000086200000| PB 0x0000000086200000| Untracked 
|  99|0x0000000086300000, 0x0000000086300000, 0x0000000086400000|  0%| F|  |TAMS 0x0000000086300000| PB 0x0000000086300000| Untracked 
| 100|0x0000000086400000, 0x0000000086400000, 0x0000000086500000|  0%| F|  |TAMS 0x0000000086400000| PB 0x0000000086400000| Untracked 
| 101|0x0000000086500000, 0x0000000086500000, 0x0000000086600000|  0%| F|  |TAMS 0x0000000086500000| PB 0x0000000086500000| Untracked 
| 102|0x0000000086600000, 0x0000000086600000, 0x0000000086700000|  0%| F|  |TAMS 0x0000000086600000| PB 0x0000000086600000| Untracked 
| 103|0x0000000086700000, 0x0000000086700000, 0x0000000086800000|  0%| F|  |TAMS 0x0000000086700000| PB 0x0000000086700000| Untracked 
| 104|0x0000000086800000, 0x0000000086800000, 0x0000000086900000|  0%| F|  |TAMS 0x0000000086800000| PB 0x0000000086800000| Untracked 
| 105|0x0000000086900000, 0x0000000086900000, 0x0000000086a00000|  0%| F|  |TAMS 0x0000000086900000| PB 0x0000000086900000| Untracked 
| 106|0x0000000086a00000, 0x0000000086a00000, 0x0000000086b00000|  0%| F|  |TAMS 0x0000000086a00000| PB 0x0000000086a00000| Untracked 
| 107|0x0000000086b00000, 0x0000000086b00000, 0x0000000086c00000|  0%| F|  |TAMS 0x0000000086b00000| PB 0x0000000086b00000| Untracked 
| 108|0x0000000086c00000, 0x0000000086c00000, 0x0000000086d00000|  0%| F|  |TAMS 0x0000000086c00000| PB 0x0000000086c00000| Untracked 
| 109|0x0000000086d00000, 0x0000000086d00000, 0x0000000086e00000|  0%| F|  |TAMS 0x0000000086d00000| PB 0x0000000086d00000| Untracked 
| 110|0x0000000086e00000, 0x0000000086e00000, 0x0000000086f00000|  0%| F|  |TAMS 0x0000000086e00000| PB 0x0000000086e00000| Untracked 
| 111|0x0000000086f00000, 0x0000000086f00000, 0x0000000087000000|  0%| F|  |TAMS 0x0000000086f00000| PB 0x0000000086f00000| Untracked 
| 112|0x0000000087000000, 0x0000000087000000, 0x0000000087100000|  0%| F|  |TAMS 0x0000000087000000| PB 0x0000000087000000| Untracked 
| 113|0x0000000087100000, 0x0000000087100000, 0x0000000087200000|  0%| F|  |TAMS 0x0000000087100000| PB 0x0000000087100000| Untracked 
| 114|0x0000000087200000, 0x0000000087200000, 0x0000000087300000|  0%| F|  |TAMS 0x0000000087200000| PB 0x0000000087200000| Untracked 
| 115|0x0000000087300000, 0x0000000087300000, 0x0000000087400000|  0%| F|  |TAMS 0x0000000087300000| PB 0x0000000087300000| Untracked 
| 116|0x0000000087400000, 0x0000000087400000, 0x0000000087500000|  0%| F|  |TAMS 0x0000000087400000| PB 0x0000000087400000| Untracked 
| 117|0x0000000087500000, 0x0000000087500000, 0x0000000087600000|  0%| F|  |TAMS 0x0000000087500000| PB 0x0000000087500000| Untracked 
| 118|0x0000000087600000, 0x0000000087600000, 0x0000000087700000|  0%| F|  |TAMS 0x0000000087600000| PB 0x0000000087600000| Untracked 
| 119|0x0000000087700000, 0x0000000087700000, 0x0000000087800000|  0%| F|  |TAMS 0x0000000087700000| PB 0x0000000087700000| Untracked 
| 120|0x0000000087800000, 0x00000000878b9380, 0x0000000087900000| 72%| E|  |TAMS 0x0000000087800000| PB 0x0000000087800000| Complete 
| 121|0x0000000087900000, 0x0000000087a00000, 0x0000000087a00000|100%| E|CS|TAMS 0x0000000087900000| PB 0x0000000087900000| Complete 
| 122|0x0000000087a00000, 0x0000000087b00000, 0x0000000087b00000|100%| E|CS|TAMS 0x0000000087a00000| PB 0x0000000087a00000| Complete 
| 123|0x0000000087b00000, 0x0000000087c00000, 0x0000000087c00000|100%| E|CS|TAMS 0x0000000087b00000| PB 0x0000000087b00000| Complete 
| 124|0x0000000087c00000, 0x0000000087d00000, 0x0000000087d00000|100%| E|CS|TAMS 0x0000000087c00000| PB 0x0000000087c00000| Complete 
| 125|0x0000000087d00000, 0x0000000087e00000, 0x0000000087e00000|100%| E|CS|TAMS 0x0000000087d00000| PB 0x0000000087d00000| Complete 
| 126|0x0000000087e00000, 0x0000000087f00000, 0x0000000087f00000|100%| E|CS|TAMS 0x0000000087e00000| PB 0x0000000087e00000| Complete 
| 127|0x0000000087f00000, 0x0000000088000000, 0x0000000088000000|100%| E|CS|TAMS 0x0000000087f00000| PB 0x0000000087f00000| Complete 

Card table byte_map: [0x0000023618790000,0x0000023618b90000] _byte_map_base: 0x0000023618390000

Marking Bits: (CMBitMap*) 0x0000023604e69410
 Bits: [0x0000023618b90000, 0x000002361ab90000)

Polling page: 0x00000236045a0000

Metaspace:

Usage:
  Non-class:     12.21 MB used.
      Class:      1.52 MB used.
       Both:     13.72 MB used.

Virtual space:
  Non-class space:       64.00 MB reserved,      12.44 MB ( 19%) committed,  1 nodes.
      Class space:        1.00 GB reserved,       1.75 MB ( <1%) committed,  1 nodes.
             Both:        1.06 GB reserved,      14.19 MB (  1%) committed. 

Chunk freelists:
   Non-Class:  3.29 MB
       Class:  14.14 MB
        Both:  17.42 MB

MaxMetaspaceSize: unlimited
CompressedClassSpaceSize: 1.00 GB
Initial GC threshold: 21.00 MB
Current GC threshold: 21.00 MB
CDS: on
 - commit_granule_bytes: 65536.
 - commit_granule_words: 8192.
 - virtual_space_node_default_size: 8388608.
 - enlarge_chunks_in_place: 1.
 - use_allocation_guard: 0.


Internal statistics:

num_allocs_failed_limit: 0.
num_arena_births: 628.
num_arena_deaths: 0.
num_vsnodes_births: 2.
num_vsnodes_deaths: 0.
num_space_committed: 227.
num_space_uncommitted: 0.
num_chunks_returned_to_freelist: 0.
num_chunks_taken_from_freelist: 1131.
num_chunk_merges: 0.
num_chunk_splits: 689.
num_chunks_enlarged: 316.
num_inconsistent_stats: 0.

CodeHeap 'non-profiled nmethods': size=120000Kb used=1723Kb max_used=1723Kb free=118276Kb
 bounds [0x0000023610910000, 0x0000023610b80000, 0x0000023617e40000]
CodeHeap 'profiled nmethods': size=120000Kb used=6663Kb max_used=6663Kb free=113336Kb
 bounds [0x0000023608e40000, 0x00000236094d0000, 0x0000023610370000]
CodeHeap 'non-nmethods': size=5760Kb used=1448Kb max_used=1498Kb free=4311Kb
 bounds [0x0000023610370000, 0x00000236105e0000, 0x0000023610910000]
 total_blobs=3740 nmethods=3206 adapters=438
 compilation: enabled
              stopped_count=0, restarted_count=0
 full_count=0

Compilation events (20 events):
Event: 307.523 Thread 0x000002361d81f200 3194       3       java.util.concurrent.locks.LockSupport::setBlocker (12 bytes)
Event: 307.524 Thread 0x000002361d81f200 nmethod 3194 0x00000236094bc610 code [0x00000236094bc7c0, 0x00000236094bc9c8]
Event: 309.182 Thread 0x000002361d81f200 3195       3       java.util.concurrent.locks.AbstractQueuedSynchronizer$ConditionObject::canReacquire (38 bytes)
Event: 309.184 Thread 0x000002361d81f200 nmethod 3195 0x00000236094bca90 code [0x00000236094bcc60, 0x00000236094bcfa8]
Event: 314.057 Thread 0x000002361d81eb60 3197       4       sun.nio.ch.NioSocketImpl::timedRead (85 bytes)
Event: 315.106 Thread 0x000002361d81f200 3198       3       java.util.concurrent.locks.ReentrantLock$NonfairSync::tryAcquire (27 bytes)
Event: 315.108 Thread 0x000002361d81f200 nmethod 3198 0x00000236094bd110 code [0x00000236094bd2e0, 0x00000236094bd560]
Event: 315.108 Thread 0x000002361d81f200 3200       3       java.util.concurrent.ScheduledThreadPoolExecutor$ScheduledFutureTask::getDelay (16 bytes)
Event: 315.109 Thread 0x000002361d81f200 nmethod 3200 0x00000236094bd610 code [0x00000236094bd7c0, 0x00000236094bd958]
Event: 315.109 Thread 0x000002361d81f200 3199       3       java.util.concurrent.TimeUnit::convert (73 bytes)
Event: 315.110 Thread 0x000002361d81f200 nmethod 3199 0x00000236094bda10 code [0x00000236094bdc20, 0x00000236094bdfb8]
Event: 315.294 Thread 0x000002361d81f200 3201       3       java.util.concurrent.ThreadPoolExecutor$Worker::unlock (7 bytes)
Event: 315.295 Thread 0x000002361d81f200 nmethod 3201 0x00000236094be190 code [0x00000236094be360, 0x00000236094be5d0]
Event: 315.295 Thread 0x000002361d81f200 3202       3       java.util.concurrent.ThreadPoolExecutor$Worker::tryRelease (12 bytes)
Event: 315.295 Thread 0x000002361d81f200 nmethod 3202 0x00000236094be710 code [0x00000236094be8c0, 0x00000236094bea30]
Event: 315.625 Thread 0x000002361d81f200 3203       3       java.util.concurrent.ThreadPoolExecutor$Worker::lock (6 bytes)
Event: 315.625 Thread 0x000002361d81f200 nmethod 3203 0x00000236094beb10 code [0x00000236094becc0, 0x00000236094bee00]
Event: 315.625 Thread 0x000002361d81f200 3204       3       java.util.concurrent.ThreadPoolExecutor$Worker::tryAcquire (20 bytes)
Event: 315.625 Thread 0x000002361d81f200 nmethod 3204 0x00000236094bee90 code [0x00000236094bf040, 0x00000236094bf280]
Event: 315.703 Thread 0x000002361d81f200 3205   !   3       java.util.concurrent.ThreadPoolExecutor::getTask (177 bytes)

GC Heap History (6 events):
Event: 2.587 GC heap before
{Heap before GC invocations=0 (full 0):
 garbage-first heap   total 131072K, used 26624K [0x0000000080000000, 0x0000000100000000)
  region size 1024K, 23 young (23552K), 0 survivors (0K)
 Metaspace       used 8400K, committed 8768K, reserved 1114112K
  class space    used 1049K, committed 1216K, reserved 1048576K
}
Event: 2.599 GC heap after
{Heap after GC invocations=1 (full 0):
 garbage-first heap   total 131072K, used 9656K [0x0000000080000000, 0x0000000100000000)
  region size 1024K, 3 young (3072K), 3 survivors (3072K)
 Metaspace       used 8400K, committed 8768K, reserved 1114112K
  class space    used 1049K, committed 1216K, reserved 1048576K
}
Event: 14.233 GC heap before
{Heap before GC invocations=1 (full 0):
 garbage-first heap   total 131072K, used 36280K [0x0000000080000000, 0x0000000100000000)
  region size 1024K, 30 young (30720K), 3 survivors (3072K)
 Metaspace       used 13570K, committed 14016K, reserved 1114112K
  class space    used 1539K, committed 1792K, reserved 1048576K
}
Event: 14.246 GC heap after
{Heap after GC invocations=2 (full 0):
 garbage-first heap   total 131072K, used 12434K [0x0000000080000000, 0x0000000100000000)
  region size 1024K, 3 young (3072K), 3 survivors (3072K)
 Metaspace       used 13570K, committed 14016K, reserved 1114112K
  class space    used 1539K, committed 1792K, reserved 1048576K
}
Event: 24.378 GC heap before
{Heap before GC invocations=2 (full 0):
 garbage-first heap   total 131072K, used 87186K [0x0000000080000000, 0x0000000100000000)
  region size 1024K, 76 young (77824K), 3 survivors (3072K)
 Metaspace       used 14026K, committed 14528K, reserved 1114112K
  class space    used 1553K, committed 1792K, reserved 1048576K
}
Event: 24.388 GC heap after
{Heap after GC invocations=3 (full 0):
 garbage-first heap   total 131072K, used 12937K [0x0000000080000000, 0x0000000100000000)
  region size 1024K, 4 young (4096K), 4 survivors (4096K)
 Metaspace       used 14026K, committed 14528K, reserved 1114112K
  class space    used 1553K, committed 1792K, reserved 1048576K
}

Dll operation events (2 events):
Event: 0.036 Loaded shared library C:\Program Files\JetBrains\PhpStorm 2025.1.0.1\jbr\bin\java.dll
Event: 0.096 Loaded shared library C:\Program Files\JetBrains\PhpStorm 2025.1.0.1\jbr\bin\zip.dll

Deoptimization events (20 events):
Event: 302.238 Thread 0x00000236631ac8b0 Uncommon trap: trap_request=0xffffff45 fr.pc=0x0000023610a76494 relative=0x00000000000026d4
Event: 302.239 Thread 0x00000236631ac8b0 Uncommon trap: reason=unstable_if action=reinterpret pc=0x0000023610a76494 method=sun.rmi.transport.StreamRemoteCall.getInputStream()Ljava/io/ObjectInput; @ 42 c2
Event: 302.239 Thread 0x00000236631ac8b0 DEOPT PACKING pc=0x0000023610a76494 sp=0x000000ad71bfecf0
Event: 302.239 Thread 0x00000236631ac8b0 DEOPT UNPACKING pc=0x00000236103c46a2 sp=0x000000ad71bfed20 mode 2
Event: 302.246 Thread 0x00000236631ac8b0 Uncommon trap: trap_request=0xffffffde fr.pc=0x0000023610a8b460 relative=0x0000000000000220
Event: 302.246 Thread 0x00000236631ac8b0 Uncommon trap: reason=class_check action=maybe_recompile pc=0x0000023610a8b460 method=java.io.ObjectInputStream.filterCheck(Ljava/lang/Class;I)V @ 55 c2
Event: 302.247 Thread 0x00000236631ac8b0 DEOPT PACKING pc=0x0000023610a8b460 sp=0x000000ad71bfead0
Event: 302.247 Thread 0x00000236631ac8b0 DEOPT UNPACKING pc=0x00000236103c46a2 sp=0x000000ad71bfea68 mode 2
Event: 302.253 Thread 0x00000236631ac8b0 Uncommon trap: trap_request=0xffffffde fr.pc=0x0000023610a8b460 relative=0x0000000000000220
Event: 302.253 Thread 0x00000236631ac8b0 Uncommon trap: reason=class_check action=maybe_recompile pc=0x0000023610a8b460 method=java.io.ObjectInputStream.filterCheck(Ljava/lang/Class;I)V @ 55 c2
Event: 302.253 Thread 0x00000236631ac8b0 DEOPT PACKING pc=0x0000023610a8b460 sp=0x000000ad71bfe820
Event: 302.253 Thread 0x00000236631ac8b0 DEOPT UNPACKING pc=0x00000236103c46a2 sp=0x000000ad71bfe7b8 mode 2
Event: 302.254 Thread 0x00000236631ac8b0 Uncommon trap: trap_request=0xffffffde fr.pc=0x0000023610a8b460 relative=0x0000000000000220
Event: 302.254 Thread 0x00000236631ac8b0 Uncommon trap: reason=class_check action=maybe_recompile pc=0x0000023610a8b460 method=java.io.ObjectInputStream.filterCheck(Ljava/lang/Class;I)V @ 55 c2
Event: 302.254 Thread 0x00000236631ac8b0 DEOPT PACKING pc=0x0000023610a8b460 sp=0x000000ad71bfe5c0
Event: 302.254 Thread 0x00000236631ac8b0 DEOPT UNPACKING pc=0x00000236103c46a2 sp=0x000000ad71bfe558 mode 2
Event: 302.254 Thread 0x00000236631ac8b0 Uncommon trap: trap_request=0xffffffde fr.pc=0x0000023610a8b460 relative=0x0000000000000220
Event: 302.254 Thread 0x00000236631ac8b0 Uncommon trap: reason=class_check action=maybe_recompile pc=0x0000023610a8b460 method=java.io.ObjectInputStream.filterCheck(Ljava/lang/Class;I)V @ 55 c2
Event: 302.254 Thread 0x00000236631ac8b0 DEOPT PACKING pc=0x0000023610a8b460 sp=0x000000ad71bfe6a0
Event: 302.254 Thread 0x00000236631ac8b0 DEOPT UNPACKING pc=0x00000236103c46a2 sp=0x000000ad71bfe638 mode 2

Classes loaded (20 events):
Event: 13.712 Loading class java/util/concurrent/atomic/AtomicReferenceFieldUpdater$AtomicReferenceFieldUpdaterImpl
Event: 13.713 Loading class java/util/concurrent/atomic/AtomicReferenceFieldUpdater$AtomicReferenceFieldUpdaterImpl done
Event: 13.713 Loading class java/util/concurrent/atomic/AtomicReferenceFieldUpdater$AtomicReferenceFieldUpdaterImpl$1
Event: 13.713 Loading class java/util/concurrent/atomic/AtomicReferenceFieldUpdater$AtomicReferenceFieldUpdaterImpl$1 done
Event: 13.714 Loading class java/lang/invoke/WrongMethodTypeException
Event: 13.714 Loading class java/lang/invoke/WrongMethodTypeException done
Event: 13.716 Loading class java/lang/Throwable$PrintStreamOrWriter
Event: 13.717 Loading class java/lang/Throwable$PrintStreamOrWriter done
Event: 13.722 Loading class java/lang/StackTraceElement$HashedModules
Event: 13.722 Loading class java/lang/StackTraceElement$HashedModules done
Event: 15.713 Loading class java/math/MutableBigInteger
Event: 15.715 Loading class java/math/MutableBigInteger done
Event: 17.193 Loading class java/util/ArrayList$ListItr
Event: 17.195 Loading class java/util/ArrayList$ListItr done
Event: 17.313 Loading class java/io/ObjectOutputStream$PutFieldImpl
Event: 17.315 Loading class java/io/ObjectOutputStream$PutField
Event: 17.316 Loading class java/io/ObjectOutputStream$PutField done
Event: 17.316 Loading class java/io/ObjectOutputStream$PutFieldImpl done
Event: 24.098 Loading class java/lang/foreign/MemorySegment
Event: 24.105 Loading class java/lang/foreign/MemorySegment done

Classes unloaded (0 events):
No events

Classes redefined (0 events):
No events

Internal exceptions (20 events):
Event: 4.838 Thread 0x00000236631ad5d0 Exception <a 'java/lang/NoSuchMethodError'{0x000000008728d1a0}: 'java.lang.Object java.lang.invoke.DirectMethodHandle$Holder.invokeInterface(java.lang.Object, java.lang.Object, int)'> (0x000000008728d1a0) 
thrown [s\src\hotspot\share\interpreter\linkResolver.cpp, line 784]
Event: 4.874 Thread 0x00000236631ad5d0 Exception <a 'java/lang/NoSuchMethodError'{0x00000000872b6b70}: 'void java.lang.invoke.DirectMethodHandle$Holder.invokeInterface(java.lang.Object, java.lang.Object)'> (0x00000000872b6b70) 
thrown [s\src\hotspot\share\interpreter\linkResolver.cpp, line 784]
Event: 7.885 Thread 0x00000236631ad5d0 Exception <a 'java/lang/NoSuchMethodError'{0x00000000870fb140}: static Lcom/intellij/database/remote/jdba/core/ConnectionInfo;.<clinit>()V> (0x00000000870fb140) 
thrown [s\src\hotspot\share\prims\jni.cpp, line 1139]
Event: 7.886 Thread 0x00000236631ad5d0 Exception <a 'java/lang/NoSuchMethodError'{0x0000000086f05ec0}: static Ljava/lang/Object;.<clinit>()V> (0x0000000086f05ec0) 
thrown [s\src\hotspot\share\prims\jni.cpp, line 1139]
Event: 7.887 Thread 0x00000236631ad5d0 Exception <a 'java/lang/NoSuchMethodError'{0x0000000086f0a4a0}: static [I.<clinit>()V> (0x0000000086f0a4a0) 
thrown [s\src\hotspot\share\prims\jni.cpp, line 1139]
Event: 8.289 Thread 0x00000236631ad5d0 Exception <a 'java/lang/NoSuchMethodError'{0x0000000086f2e5c0}: 'java.lang.Object java.lang.invoke.DirectMethodHandle$Holder.invokeInterface(java.lang.Object, java.lang.Object, java.lang.Object, java.lang.Object)'> (0x0000000086f2e5c0) 
thrown [s\src\hotspot\share\interpreter\linkResolver.cpp, line 784]
Event: 8.536 Thread 0x00000236631ad5d0 Exception <a 'java/lang/NoSuchMethodError'{0x0000000086e32f68}: static Lcom/intellij/database/remote/jdba/core/ResultLayout;.<clinit>()V> (0x0000000086e32f68) 
thrown [s\src\hotspot\share\prims\jni.cpp, line 1139]
Event: 8.540 Thread 0x00000236631ad5d0 Exception <a 'java/lang/NoSuchMethodError'{0x0000000086e40340}: static Lcom/intellij/database/remote/jdba/core/RowLayout;.<clinit>()V> (0x0000000086e40340) 
thrown [s\src\hotspot\share\prims\jni.cpp, line 1139]
Event: 8.542 Thread 0x00000236631ad5d0 Exception <a 'java/lang/NoSuchMethodError'{0x0000000086e4bdb8}: static Lcom/intellij/database/remote/jdba/util/NameAndClass;.<clinit>()V> (0x0000000086e4bdb8) 
thrown [s\src\hotspot\share\prims\jni.cpp, line 1139]
Event: 8.543 Thread 0x00000236631ad5d0 Exception <a 'java/lang/NoSuchMethodError'{0x0000000086e4ea28}: 'java.lang.Object java.lang.invoke.DirectMethodHandle$Holder.invokeInterface(java.lang.Object, java.lang.Object, int, java.lang.Object)'> (0x0000000086e4ea28) 
thrown [s\src\hotspot\share\interpreter\linkResolver.cpp, line 784]
Event: 8.544 Thread 0x00000236631ad5d0 Exception <a 'java/lang/NoSuchMethodError'{0x0000000086e52b38}: 'java.lang.Object java.lang.invoke.DirectMethodHandle$Holder.invokeSpecial(java.lang.Object, java.lang.Object, java.lang.Object, int, java.lang.Object)'> (0x0000000086e52b38) 
thrown [s\src\hotspot\share\interpreter\linkResolver.cpp, line 784]
Event: 8.832 Thread 0x00000236631ad5d0 Exception <a 'java/lang/NoSuchMethodError'{0x0000000086d016e8}: static [Ljava/lang/String;.<clinit>()V> (0x0000000086d016e8) 
thrown [s\src\hotspot\share\prims\jni.cpp, line 1139]
Event: 9.413 Thread 0x00000236631ad5d0 Exception <a 'java/lang/NoSuchMethodError'{0x0000000086d98a20}: static [Ljava/lang/Object;.<clinit>()V> (0x0000000086d98a20) 
thrown [s\src\hotspot\share\prims\jni.cpp, line 1139]
Event: 13.721 Thread 0x00000236631ad5d0 Exception <a 'java/lang/NoSuchMethodError'{0x000000008642aee8}: static Lcom/intellij/database/remote/jdba/exceptions/UnknownDBException;.<clinit>()V> (0x000000008642aee8) 
thrown [s\src\hotspot\share\prims\jni.cpp, line 1139]
Event: 13.721 Thread 0x00000236631ad5d0 Exception <a 'java/lang/NoSuchMethodError'{0x000000008642c5b0}: static Lcom/intellij/database/remote/jdba/exceptions/DBException;.<clinit>()V> (0x000000008642c5b0) 
thrown [s\src\hotspot\share\prims\jni.cpp, line 1139]
Event: 13.725 Thread 0x00000236631ad5d0 Exception <a 'java/lang/NoSuchMethodError'{0x000000008643ab90}: static [Ljava/lang/StackTraceElement;.<clinit>()V> (0x000000008643ab90) 
thrown [s\src\hotspot\share\prims\jni.cpp, line 1139]
Event: 133.702 Thread 0x000002366429ff60 Implicit null exception at 0x0000023610a49372 to 0x0000023610a4a2cc
Event: 133.704 Thread 0x000002366429ff60 Implicit null exception at 0x0000023610a88f87 to 0x0000023610a89108
Event: 133.705 Thread 0x000002366429ff60 Implicit null exception at 0x0000023610a0f475 to 0x0000023610a0f534
Event: 302.170 Thread 0x00000236631ac8b0 Implicit null exception at 0x0000023610a7ca28 to 0x0000023610a7efa4

ZGC Phase Switch (0 events):
No events

VM Operations (20 events):
Event: 60.282 Executing VM operation: RendezvousGCThreads
Event: 60.282 Executing VM operation: RendezvousGCThreads done
Event: 75.290 Executing VM operation: Cleanup
Event: 75.291 Executing VM operation: Cleanup done
Event: 92.297 Executing VM operation: Cleanup
Event: 92.297 Executing VM operation: Cleanup done
Event: 134.362 Executing VM operation: Cleanup
Event: 134.364 Executing VM operation: Cleanup done
Event: 152.487 Executing VM operation: Cleanup
Event: 152.489 Executing VM operation: Cleanup done
Event: 161.565 Executing VM operation: Cleanup
Event: 161.565 Executing VM operation: Cleanup done
Event: 296.695 Executing VM operation: Cleanup
Event: 296.699 Executing VM operation: Cleanup done
Event: 302.773 Executing VM operation: Cleanup
Event: 302.773 Executing VM operation: Cleanup done
Event: 305.810 Executing VM operation: Cleanup
Event: 305.810 Executing VM operation: Cleanup done
Event: 307.834 Executing VM operation: Cleanup
Event: 307.834 Executing VM operation: Cleanup done

Memory protections (0 events):
No events

Nmethod flushes (0 events):
No events

Events (20 events):
Event: 24.392 Thread 0x00000236634733b0 Thread exited: 0x00000236634733b0
Event: 24.392 Thread 0x00000236634740d0 Thread exited: 0x00000236634740d0
Event: 24.392 Thread 0x000002361dc49fd0 Thread exited: 0x000002361dc49fd0
Event: 24.392 Thread 0x000002361dc49940 Thread exited: 0x000002361dc49940
Event: 24.392 Thread 0x000002361dc492b0 Thread exited: 0x000002361dc492b0
Event: 24.392 Thread 0x000002361dc4a660 Thread exited: 0x000002361dc4a660
Event: 24.393 Thread 0x000002361dc4b380 Thread exited: 0x000002361dc4b380
Event: 24.393 Thread 0x0000023663473a40 Thread exited: 0x0000023663473a40
Event: 24.393 Thread 0x000002361dc4c0a0 Thread exited: 0x000002361dc4c0a0
Event: 24.393 Thread 0x00000236634da6c0 Thread exited: 0x00000236634da6c0
Event: 24.393 Thread 0x00000236634da030 Thread exited: 0x00000236634da030
Event: 24.393 Thread 0x00000236631ae2f0 Thread added: 0x000002366429ff60
Event: 24.394 Thread 0x000002366478d000 Thread exited: 0x000002366478d000
Event: 24.394 Thread 0x000002366429ff60 Thread exited: 0x000002366429ff60
Event: 27.699 Thread 0x00000236631ad5d0 Thread added: 0x00000236642a05f0
Event: 27.699 Thread 0x00000236642a05f0 Thread exited: 0x00000236642a05f0
Event: 91.733 Thread 0x00000236630ddc20 Thread exited: 0x00000236630ddc20
Event: 106.821 Thread 0x00000236631ae2f0 Thread exited: 0x00000236631ae2f0
Event: 133.662 Thread 0x00000236630e4200 Thread added: 0x000002366429ff60
Event: 211.899 Thread 0x00000236631ad5d0 Thread exited: 0x00000236631ad5d0


Dynamic libraries:
0x00007ff7dabc0000 - 0x00007ff7dabca000 	C:\Program Files\JetBrains\PhpStorm 2025.1.0.1\jbr\bin\java.exe
0x00007ffe17960000 - 0x00007ffe17bc6000 	C:\WINDOWS\SYSTEM32\ntdll.dll
0x00007ffe15e60000 - 0x00007ffe15f29000 	C:\WINDOWS\System32\KERNEL32.DLL
0x00007ffe14de0000 - 0x00007ffe151ac000 	C:\WINDOWS\System32\KERNELBASE.dll
0x00007ffe155d0000 - 0x00007ffe1571b000 	C:\WINDOWS\System32\ucrtbase.dll
0x00007ffdfda30000 - 0x00007ffdfda48000 	C:\Program Files\JetBrains\PhpStorm 2025.1.0.1\jbr\bin\jli.dll
0x00007ffe00b30000 - 0x00007ffe00b4b000 	C:\Program Files\JetBrains\PhpStorm 2025.1.0.1\jbr\bin\VCRUNTIME140.dll
0x00007ffe16800000 - 0x00007ffe169ca000 	C:\WINDOWS\System32\USER32.dll
0x00007ffe151b0000 - 0x00007ffe151d7000 	C:\WINDOWS\System32\win32u.dll
0x00007ffe15870000 - 0x00007ffe1589b000 	C:\WINDOWS\System32\GDI32.dll
0x00007ffdfcf80000 - 0x00007ffdfd21a000 	C:\WINDOWS\WinSxS\amd64_microsoft.windows.common-controls_6595b64144ccf1df_6.0.26100.3912_none_3e07963ce335137e\COMCTL32.dll
0x00007ffe15280000 - 0x00007ffe153b2000 	C:\WINDOWS\System32\gdi32full.dll
0x00007ffe174c0000 - 0x00007ffe17569000 	C:\WINDOWS\System32\msvcrt.dll
0x00007ffe14d30000 - 0x00007ffe14dd3000 	C:\WINDOWS\System32\msvcp_win.dll
0x00007ffe178e0000 - 0x00007ffe17910000 	C:\WINDOWS\System32\IMM32.DLL
0x00007ffe09750000 - 0x00007ffe0975c000 	C:\Program Files\JetBrains\PhpStorm 2025.1.0.1\jbr\bin\vcruntime140_1.dll
0x00007ffde7210000 - 0x00007ffde729d000 	C:\Program Files\JetBrains\PhpStorm 2025.1.0.1\jbr\bin\msvcp140.dll
0x00007ffd883a0000 - 0x00007ffd89161000 	C:\Program Files\JetBrains\PhpStorm 2025.1.0.1\jbr\bin\server\jvm.dll
0x00007ffe157a0000 - 0x00007ffe15852000 	C:\WINDOWS\System32\ADVAPI32.dll
0x00007ffe17400000 - 0x00007ffe174a6000 	C:\WINDOWS\System32\sechost.dll
0x00007ffe16660000 - 0x00007ffe16776000 	C:\WINDOWS\System32\RPCRT4.dll
0x00007ffe15720000 - 0x00007ffe15794000 	C:\WINDOWS\System32\WS2_32.dll
0x00007ffe13700000 - 0x00007ffe1375e000 	C:\WINDOWS\SYSTEM32\POWRPROF.dll
0x00007ffe0c4a0000 - 0x00007ffe0c4d6000 	C:\WINDOWS\SYSTEM32\WINMM.dll
0x00007ffe0cea0000 - 0x00007ffe0ceab000 	C:\WINDOWS\SYSTEM32\VERSION.dll
0x00007ffe136e0000 - 0x00007ffe136f4000 	C:\WINDOWS\SYSTEM32\UMPDC.dll
0x00007ffe139d0000 - 0x00007ffe139ea000 	C:\WINDOWS\SYSTEM32\kernel.appcore.dll
0x00007ffe08880000 - 0x00007ffe0888a000 	C:\Program Files\JetBrains\PhpStorm 2025.1.0.1\jbr\bin\jimage.dll
0x00007ffe11930000 - 0x00007ffe11b71000 	C:\WINDOWS\SYSTEM32\DBGHELP.DLL
0x00007ffe158e0000 - 0x00007ffe15c64000 	C:\WINDOWS\System32\combase.dll
0x00007ffe16d80000 - 0x00007ffe16e60000 	C:\WINDOWS\System32\OLEAUT32.dll
0x00007ffdf07e0000 - 0x00007ffdf0819000 	C:\WINDOWS\SYSTEM32\dbgcore.DLL
0x00007ffe151e0000 - 0x00007ffe15279000 	C:\WINDOWS\System32\bcryptPrimitives.dll
0x00007ffdfda10000 - 0x00007ffdfda30000 	C:\Program Files\JetBrains\PhpStorm 2025.1.0.1\jbr\bin\java.dll
0x00007ffe15f30000 - 0x00007ffe1665d000 	C:\WINDOWS\System32\SHELL32.dll
0x00007ffe153c0000 - 0x00007ffe15534000 	C:\WINDOWS\System32\wintypes.dll
0x00007ffe12750000 - 0x00007ffe12fa6000 	C:\WINDOWS\SYSTEM32\windows.storage.dll
0x00007ffe16e70000 - 0x00007ffe16f5f000 	C:\WINDOWS\System32\SHCORE.dll
0x00007ffe16ad0000 - 0x00007ffe16b39000 	C:\WINDOWS\System32\shlwapi.dll
0x00007ffe14a00000 - 0x00007ffe14a2f000 	C:\WINDOWS\SYSTEM32\profapi.dll
0x00007ffdfd8d0000 - 0x00007ffdfd8e8000 	C:\Program Files\JetBrains\PhpStorm 2025.1.0.1\jbr\bin\zip.dll
0x00007ffe05b50000 - 0x00007ffe05b60000 	C:\Program Files\JetBrains\PhpStorm 2025.1.0.1\jbr\bin\net.dll
0x00007ffe0dbf0000 - 0x00007ffe0dd0e000 	C:\WINDOWS\SYSTEM32\WINHTTP.dll
0x00007ffe13f40000 - 0x00007ffe13faa000 	C:\WINDOWS\system32\mswsock.dll
0x00007ffdfd880000 - 0x00007ffdfd896000 	C:\Program Files\JetBrains\PhpStorm 2025.1.0.1\jbr\bin\nio.dll
0x00007ffe13330000 - 0x00007ffe13363000 	C:\WINDOWS\SYSTEM32\IPHLPAPI.DLL
0x00007ffe178d0000 - 0x00007ffe178da000 	C:\WINDOWS\System32\NSI.dll
0x00007ffe141e0000 - 0x00007ffe141fc000 	C:\WINDOWS\SYSTEM32\CRYPTSP.dll
0x00007ffe13930000 - 0x00007ffe1396a000 	C:\WINDOWS\system32\rsaenh.dll
0x00007ffe13fe0000 - 0x00007ffe1400b000 	C:\WINDOWS\SYSTEM32\USERENV.dll
0x00007ffe149d0000 - 0x00007ffe149f6000 	C:\WINDOWS\SYSTEM32\bcrypt.dll
0x00007ffe14200000 - 0x00007ffe1420c000 	C:\WINDOWS\SYSTEM32\CRYPTBASE.dll
0x00007ffdfff90000 - 0x00007ffdfff99000 	C:\Program Files\JetBrains\PhpStorm 2025.1.0.1\jbr\bin\extnet.dll
0x00007ffe0f7e0000 - 0x00007ffe0f7e7000 	C:\Program Files\JetBrains\PhpStorm 2025.1.0.1\jbr\bin\rmi.dll
0x00007ffe13370000 - 0x00007ffe13497000 	C:\WINDOWS\SYSTEM32\DNSAPI.dll
0x00007ffe09930000 - 0x00007ffe0993b000 	C:\Windows\System32\rasadhlp.dll
0x00007ffe0e0e0000 - 0x00007ffe0e166000 	C:\WINDOWS\System32\fwpuclnt.dll

dbghelp: loaded successfully - version: 4.0.5 - missing functions: none
symbol engine: initialized successfully - sym options: 0x614 - pdb path: .;C:\Program Files\JetBrains\PhpStorm 2025.1.0.1\jbr\bin;C:\WINDOWS\SYSTEM32;C:\WINDOWS\WinSxS\amd64_microsoft.windows.common-controls_6595b64144ccf1df_6.0.26100.3912_none_3e07963ce335137e;C:\Program Files\JetBrains\PhpStorm 2025.1.0.1\jbr\bin\server

VM Arguments:
jvm_args: -Djava.rmi.server.hostname=127.0.0.1 -Duser.timezone=UTC -Xmx2048m -Xms128m -Djdbc.classpath=C:\Users\doman\AppData\Local\Temp\RemoteDriver.classpath.txt --add-exports=java.desktop/sun.awt=ALL-UNNAMED --add-exports=java.desktop/java.awt.peer=ALL-UNNAMED --add-opens=java.desktop/java.awt=ALL-UNNAMED --add-opens=jdk.unsupported/sun.misc=ALL-UNNAMED --add-opens=java.base/java.nio=ALL-UNNAMED --add-opens=java.base/java.util=ALL-UNNAMED -Dfile.encoding=UTF-8 -Dsun.stdout.encoding=UTF-8 -Dsun.stderr.encoding=UTF-8 
java_command: com.intellij.database.remote.RemoteJdbcServer com.mysql.cj.jdbc.Driver
java_class_path (initial): C:\Program Files\JetBrains\PhpStorm 2025.1.0.1\lib\util_rt.jar;C:\Program Files\JetBrains\PhpStorm 2025.1.0.1\lib\util-8.jar;C:\Program Files\JetBrains\PhpStorm 2025.1.0.1\lib\groovy.jar;C:\Program Files\JetBrains\PhpStorm 2025.1.0.1\plugins\DatabaseTools\lib\jdbc-console.jar;C:\Program Files\JetBrains\PhpStorm 2025.1.0.1\lib\modules\intellij.grid.types.jar;C:\Program Files\JetBrains\PhpStorm 2025.1.0.1\lib\util.jar;C:\Program Files\JetBrains\PhpStorm 2025.1.0.1\lib\bouncy-castle.jar
Launcher Type: SUN_STANDARD

[Global flags]
     intx CICompilerCount                          = 4                                         {product} {ergonomic}
     uint ConcGCThreads                            = 3                                         {product} {ergonomic}
     uint G1ConcRefinementThreads                  = 10                                        {product} {ergonomic}
   size_t G1HeapRegionSize                         = 1048576                                   {product} {ergonomic}
    uintx GCDrainStackTargetSize                   = 64                                        {product} {ergonomic}
   size_t InitialHeapSize                          = 134217728                                 {product} {command line}
   size_t MarkStackSize                            = 4194304                                   {product} {ergonomic}
   size_t MaxHeapSize                              = 2147483648                                {product} {command line}
   size_t MaxNewSize                               = 1287651328                                {product} {ergonomic}
   size_t MinHeapDeltaBytes                        = 1048576                                   {product} {ergonomic}
   size_t MinHeapSize                              = 134217728                                 {product} {command line}
    uintx NonNMethodCodeHeapSize                   = 5839372                                {pd product} {ergonomic}
    uintx NonProfiledCodeHeapSize                  = 122909434                              {pd product} {ergonomic}
    uintx ProfiledCodeHeapSize                     = 122909434                              {pd product} {ergonomic}
    uintx ReservedCodeCacheSize                    = 251658240                              {pd product} {ergonomic}
     bool SegmentedCodeCache                       = true                                      {product} {ergonomic}
   size_t SoftMaxHeapSize                          = 2147483648                             {manageable} {ergonomic}
     bool UseCompressedOops                        = true                           {product lp64_product} {ergonomic}
     bool UseG1GC                                  = true                                      {product} {ergonomic}
     bool UseLargePagesIndividualAllocation        = false                                  {pd product} {ergonomic}

Logging:
Log output configuration:
 #0: stdout all=warning uptime,level,tags foldmultilines=false
 #1: stderr all=off uptime,level,tags foldmultilines=false

Environment Variables:
PATH=C:\Program Files\Python312\Scripts\;C:\Program Files\Python312\;C:\WINDOWS\system32;C:\WINDOWS;C:\WINDOWS\System32\Wbem;C:\WINDOWS\System32\WindowsPowerShell\v1.0\;C:\WINDOWS\System32\OpenSSH\;C:\Users\doman\OneDrive\Skrivebord\Tor Browser\Browser\TorBrowser\Tor\tor.exe;C:\sqlite;C:\Program Files\nodejs\;C:\Program Files\dotnet\;C:\Program Files\Git\cmd;C:\Users\doman\.config\herd\bin\nvm;C:\Program Files\nodejs;C:\Program Files\Cloudflare\Cloudflare WARP\;d:\cursor\resources\app\bin;C:\Users\doman\.config\herd\bin;C:\Users\doman\AppData\Local\Programs\Python\Python39\Scripts\;C:\Users\doman\AppData\Local\Programs\Python\Python39\;C:\Users\doman\AppData\Local\Microsoft\WindowsApps;;D:\Python\PyCharm\PyCharm 2024.2.4\bin;;C:\Users\doman\AppData\Local\Programs\Microsoft VS Code\bin;C:\Program Files\JetBrains\WebStorm 2024.3\bin;;C:\Users\doman\AppData\Roaming\npm;C:\Program Files\JetBrains\PhpStorm 2025.1.0.1\bin;;D:\cursor\resources\app\bin
USERNAME=doman
OS=Windows_NT
PROCESSOR_IDENTIFIER=AMD64 Family 25 Model 80 Stepping 0, AuthenticAMD
TMP=C:\Users\doman\AppData\Local\Temp
TEMP=C:\Users\doman\AppData\Local\Temp




Periodic native trim disabled

JNI global refs:
JNI global refs: 17, weak refs: 0

JNI global refs memory usage: 835, weak refs: 201

Process memory usage:
Resident Set Size: 24896K (0% of 6139964K total physical memory with 289520K free physical memory)

OOME stack traces (most recent first):
Classloader memory used:
Loader bootstrap                                                                       : 7015K
Loader jdk.internal.loader.ClassLoaders$AppClassLoader                                 : 3491K
Loader com.intellij.database.remote.jdbc.impl.JdbcClassLoader$JdbcClassLoaderImpl      : 2949K
Loader jdk.internal.loader.ClassLoaders$PlatformClassLoader                            : 403K
Loader jdk.internal.reflect.DelegatingClassLoader                                      : 187K
Loader com.intellij.database.remote.jdbc.impl.JdbcClassLoader$1                        : 7728B

---------------  S Y S T E M  ---------------

OS:
 Windows 11 , 64 bit Build 26100 (10.0.26100.3912)
OS uptime: 22 days 6:12 hours
Hyper-V role detected

CPU: total 12 (initial active 12) (12 cores per cpu, 2 threads per core) family 25 model 80 stepping 0 microcode 0xa50000c, cx8, cmov, fxsr, ht, mmx, 3dnowpref, sse, sse2, sse3, ssse3, sse4a, sse4.1, sse4.2, popcnt, lzcnt, tsc, tscinvbit, avx, avx2, aes, erms, clmul, bmi1, bmi2, adx, sha, fma, vzeroupper, clflush, clflushopt, hv, rdtscp, rdpid, fsrm, f16c, cet_ss
Processor Information for the first 12 processors :
  Max Mhz: 3301, Current Mhz: 2011, Mhz Limit: 3301

Memory: 4k page, system-wide physical 5996M (275M free)
TotalPageFile size 24428M (AvailPageFile size 5M)
current process WorkingSet (physical memory assigned to process): 31M, peak: 118M
current process commit charge ("private bytes"): 245M, peak: 264M

vm_info: OpenJDK 64-Bit Server VM (21.0.6+9-b895.109) for windows-amd64 JRE (21.0.6+9-b895.109), built on 2025-03-26 by "builduser" with MS VC++ 16.10 / 16.11 (VS2019)

END.
